#
# A fatal error has been detected by the Java Runtime Environment:
#
#  EXCEPTION_ACCESS_VIOLATION (0xc0000005) at pc=0x0000000073fd4cc4, pid=3312, tid=6672
#
# JRE version: Java(TM) SE Runtime Environment (8.0_25-b18) (build 1.8.0_25-b18)
# Java VM: Java HotSpot(TM) 64-Bit Server VM (25.25-b02 mixed mode windows-amd64 compressed oops)
# Problematic frame:
# V  [jvm.dll+0x134cc4]
#
# Failed to write core dump. Minidumps are not enabled by default on client versions of Windows
#
# If you would like to submit a bug report, please visit:
#   http://bugreport.sun.com/bugreport/crash.jsp
#

---------------  T H R E A D  ---------------

Current thread (0x0000000002a00800):  JavaThread "main" [_thread_in_vm, id=6672, stack(0x0000000002850000,0x0000000002950000)]

siginfo: ExceptionCode=0xc0000005, reading address 0x0000000000000000

Registers:
RAX=0x0000000000000000, RBX=0x0000000002a00800, RCX=0x0000000000000080, RDX=0x0000000000000000
RSP=0x000000000294f110, RBP=0x000000000294f290, RSI=0x0000000000000000, RDI=0x0000000000000000
R8 =0x0000000000000000, R9 =0x00000000eddf92d8, R10=0x0000000000000002, R11=0x0000000074675300
R12=0x0000000000000000, R13=0x0000000000000000, R14=0x000000000294f290, R15=0x0000000002a00800
RIP=0x0000000073fd4cc4, EFLAGS=0x0000000000010202

Top of Stack: (sp=0x000000000294f110)
0x000000000294f110:   0000ee90e81b2c6f 0000000002a00800
0x000000000294f120:   00000000146f0158 000000000294f270
0x000000000294f130:   0000000002a00800 0000000000000000
0x000000000294f140:   000000000294f250 0000000014c972c0
0x000000000294f150:   0000000014721600 0000000001039348
0x000000000294f160:   0000000002a009e8 000000006a6020f0
0x000000000294f170:   000000000294f290 0000000000000000
0x000000000294f180:   000000000294f1c0 0000000000000000
0x000000000294f190:   0000000000000000 0000000073f49640
0x000000000294f1a0:   0000000100060028 0000000014721b68
0x000000000294f1b0:   0000000050200021 0000000014721608
0x000000000294f1c0:   0000000050200021 0000000002b07470
0x000000000294f1d0:   000000000294f268 0000000002b16037
0x000000000294f1e0:   0000000000000000 0000000002b16563
0x000000000294f1f0:   000000000294f230 0000000014731260
0x000000000294f200:   0000000000000000 0000000014717338 

Instructions: (pc=0x0000000073fd4cc4)
0x0000000073fd4ca4:   89 5c 24 20 48 89 74 24 28 48 39 73 08 74 0a 48
0x0000000073fd4cb4:   8d 4c 24 20 e8 43 04 13 00 40 38 35 84 f6 69 00
0x0000000073fd4cc4:   48 8b 3f 48 63 05 ea 72 68 00 74 1b 8b 0c 38 85
0x0000000073fd4cd4:   c9 74 77 8b c1 8b 0d 59 78 63 00 48 d3 e0 48 03 


Register to memory mapping:

RAX=0x0000000000000000 is an unknown value
RBX=0x0000000002a00800 is a thread
RCX=0x0000000000000080 is an unknown value
RDX=0x0000000000000000 is an unknown value
RSP=0x000000000294f110 is pointing into the stack for thread: 0x0000000002a00800
RBP=0x000000000294f290 is pointing into the stack for thread: 0x0000000002a00800
RSI=0x0000000000000000 is an unknown value
RDI=0x0000000000000000 is an unknown value
R8 =0x0000000000000000 is an unknown value
R9 =0x00000000eddf92d8 is an oop
org.sqlite.core.NativeDB 
 - klass: 'org/sqlite/core/NativeDB'
R10=0x0000000000000002 is an unknown value
R11=0x0000000074675300 is an unknown value
R12=0x0000000000000000 is an unknown value
R13=0x0000000000000000 is an unknown value
R14=0x000000000294f290 is pointing into the stack for thread: 0x0000000002a00800
R15=0x0000000002a00800 is a thread


Stack: [0x0000000002850000,0x0000000002950000],  sp=0x000000000294f110,  free space=1020k
Native frames: (J=compiled Java code, j=interpreted, Vv=VM code, C=native code)
V  [jvm.dll+0x134cc4]
C  [sqlite-3.8.51-amd64-sqlitejdbc.dll+0x20f0]
C  0x0000000002b16037

Java frames: (J=compiled Java code, j=interpreted, Vv=VM code)
j  org.sqlite.core.NativeDB._exec(Ljava/lang/String;)I+0
j  org.sqlite.jdbc3.JDBC3Statement.executeUpdate(Ljava/lang/String;)I+46
j  Ejer4.cargadatos2()V+15
j  Ejer4.main([Ljava/lang/String;)V+179
v  ~StubRoutines::call_stub

---------------  P R O C E S S  ---------------

Java Threads: ( => current thread )
  0x0000000016621800 JavaThread "Abandoned connection cleanup thread" daemon [_thread_blocked, id=2904, stack(0x0000000016af0000,0x0000000016bf0000)]
  0x0000000014cee800 JavaThread "Service Thread" daemon [_thread_blocked, id=2348, stack(0x00000000168f0000,0x00000000169f0000)]
  0x0000000014c92000 JavaThread "C1 CompilerThread2" daemon [_thread_blocked, id=6272, stack(0x00000000163f0000,0x00000000164f0000)]
  0x0000000014c8e000 JavaThread "C2 CompilerThread1" daemon [_thread_blocked, id=4328, stack(0x00000000162f0000,0x00000000163f0000)]
  0x0000000014c8a000 JavaThread "C2 CompilerThread0" daemon [_thread_blocked, id=6576, stack(0x00000000161f0000,0x00000000162f0000)]
  0x0000000014c95800 JavaThread "Attach Listener" daemon [_thread_blocked, id=3596, stack(0x00000000160f0000,0x00000000161f0000)]
  0x0000000014c94800 JavaThread "Signal Dispatcher" daemon [_thread_blocked, id=5728, stack(0x0000000015ff0000,0x00000000160f0000)]
  0x0000000002af4800 JavaThread "Finalizer" daemon [_thread_blocked, id=6820, stack(0x0000000015ef0000,0x0000000015ff0000)]
  0x0000000002aee800 JavaThread "Reference Handler" daemon [_thread_blocked, id=632, stack(0x0000000015df0000,0x0000000015ef0000)]
=>0x0000000002a00800 JavaThread "main" [_thread_in_vm, id=6672, stack(0x0000000002850000,0x0000000002950000)]

Other Threads:
  0x0000000014c56800 VMThread [stack: 0x0000000015cf0000,0x0000000015df0000] [id=7124]
  0x000000001651d000 WatcherThread [stack: 0x00000000169f0000,0x0000000016af0000] [id=6996]

VM state:not at safepoint (normal execution)

VM Mutex/Monitor currently owned by a thread: None

Heap:
 PSYoungGen      total 16896K, used 3614K [0x00000000edb00000, 0x00000000eed80000, 0x0000000100000000)
  eden space 14848K, 24% used [0x00000000edb00000,0x00000000ede87a50,0x00000000ee980000)
  from space 2048K, 0% used [0x00000000eeb80000,0x00000000eeb80000,0x00000000eed80000)
  to   space 2048K, 0% used [0x00000000ee980000,0x00000000ee980000,0x00000000eeb80000)
 ParOldGen       total 38400K, used 0K [0x00000000c9000000, 0x00000000cb580000, 0x00000000edb00000)
  object space 38400K, 0% used [0x00000000c9000000,0x00000000c9000000,0x00000000cb580000)
 Metaspace       used 4715K, capacity 5132K, committed 5248K, reserved 1056768K
  class space    used 527K, capacity 564K, committed 640K, reserved 1048576K

Card table byte_map: [0x0000000011ec0000,0x0000000012080000] byte_map_base: 0x0000000011878000

Marking Bits: (ParMarkBitMap*) 0x000000007467d490
 Begin Bits: [0x00000000125b0000, 0x0000000013370000)
 End Bits:   [0x0000000013370000, 0x0000000014130000)

Polling page: 0x0000000001000000

CodeCache: size=245760Kb used=1487Kb max_used=1487Kb free=244272Kb
 bounds [0x0000000002b00000, 0x0000000002d70000, 0x0000000011b00000]
 total_blobs=483 nmethods=187 adapters=211
 compilation: enabled

Compilation events (10 events):
Event: 2.775 Thread 0x0000000014c92000 nmethod 182 0x0000000002c6ed10 code [0x0000000002c6ee80, 0x0000000002c6f0f0]
Event: 2.777 Thread 0x0000000014c92000  183   !   3       java.lang.ClassLoader::loadClass (122 bytes)
Event: 2.780 Thread 0x0000000014c92000 nmethod 183 0x0000000002c71110 code [0x0000000002c71480, 0x0000000002c73818]
Event: 2.780 Thread 0x0000000014c92000  184       3       java.lang.ClassLoader::getClassLoadingLock (35 bytes)
Event: 2.780 Thread 0x0000000014c92000 nmethod 184 0x0000000002c6e450 code [0x0000000002c6e5c0, 0x0000000002c6e988]
Event: 2.780 Thread 0x0000000014c92000  185       1       sun.util.calendar.CalendarDate::getDayOfMonth (5 bytes)
Event: 2.780 Thread 0x0000000014c92000 nmethod 185 0x0000000002c6e190 code [0x0000000002c6e2e0, 0x0000000002c6e3f0]
Event: 2.780 Thread 0x0000000014c92000  186       3       sun.nio.cs.SingleByte$Encoder::encode (32 bytes)
Event: 2.781 Thread 0x0000000014c92000 nmethod 186 0x0000000002c6dcd0 code [0x0000000002c6de40, 0x0000000002c6e050]
Event: 2.781 Thread 0x0000000014c92000  187       3       java.nio.Buffer::position (43 bytes)

GC Heap History (0 events):
No events

Deoptimization events (2 events):
Event: 2.708 Thread 0x0000000002a00800 Uncommon trap: reason=unloaded action=reinterpret pc=0x0000000002c6b224 method=org.sqlite.SQLiteJDBCLoader.md5sum(Ljava/io/InputStream;)Ljava/lang/String; @ 35
Event: 2.708 Thread 0x0000000002a00800 Uncommon trap: reason=unreached action=reinterpret pc=0x0000000002c5e5b0 method=sun.security.provider.DigestBase.engineUpdate(B)V @ 4

Internal exceptions (10 events):
Event: 2.761 Thread 0x0000000002a00800 Exception <a 'java/security/PrivilegedActionException'> (0x00000000eddf41d8) thrown at [D:\re\workspace\8-2-build-windows-amd64-cygwin\jdk8u25\1677\hotspot\src\share\vm\prims\jvm.cpp, line 1312]
Event: 2.762 Thread 0x0000000002a00800 Exception <a 'java/security/PrivilegedActionException'> (0x00000000eddf6eb8) thrown at [D:\re\workspace\8-2-build-windows-amd64-cygwin\jdk8u25\1677\hotspot\src\share\vm\prims\jvm.cpp, line 1312]
Event: 2.764 Thread 0x0000000002a00800 Exception <a 'java/security/PrivilegedActionException'> (0x00000000eddfa378) thrown at [D:\re\workspace\8-2-build-windows-amd64-cygwin\jdk8u25\1677\hotspot\src\share\vm\prims\jvm.cpp, line 1312]
Event: 2.765 Thread 0x0000000002a00800 Exception <a 'java/security/PrivilegedActionException'> (0x00000000eddfd9e8) thrown at [D:\re\workspace\8-2-build-windows-amd64-cygwin\jdk8u25\1677\hotspot\src\share\vm\prims\jvm.cpp, line 1312]
Event: 2.766 Thread 0x0000000002a00800 Exception <a 'java/security/PrivilegedActionException'> (0x00000000ede071f0) thrown at [D:\re\workspace\8-2-build-windows-amd64-cygwin\jdk8u25\1677\hotspot\src\share\vm\prims\jvm.cpp, line 1312]
Event: 2.766 Thread 0x0000000002a00800 Exception <a 'java/security/PrivilegedActionException'> (0x00000000ede0b3a0) thrown at [D:\re\workspace\8-2-build-windows-amd64-cygwin\jdk8u25\1677\hotspot\src\share\vm\prims\jvm.cpp, line 1312]
Event: 2.767 Thread 0x0000000002a00800 Exception <a 'java/security/PrivilegedActionException'> (0x00000000ede0efc8) thrown at [D:\re\workspace\8-2-build-windows-amd64-cygwin\jdk8u25\1677\hotspot\src\share\vm\prims\jvm.cpp, line 1312]
Event: 2.769 Thread 0x0000000002a00800 Exception <a 'java/security/PrivilegedActionException'> (0x00000000ede20450) thrown at [D:\re\workspace\8-2-build-windows-amd64-cygwin\jdk8u25\1677\hotspot\src\share\vm\prims\jvm.cpp, line 1312]
Event: 2.777 Thread 0x0000000002a00800 Exception <a 'java/security/PrivilegedActionException'> (0x00000000ede37cc0) thrown at [D:\re\workspace\8-2-build-windows-amd64-cygwin\jdk8u25\1677\hotspot\src\share\vm\prims\jvm.cpp, line 1312]
Event: 2.778 Thread 0x0000000002a00800 Exception <a 'java/security/PrivilegedActionException'> (0x00000000ede3f0e8) thrown at [D:\re\workspace\8-2-build-windows-amd64-cygwin\jdk8u25\1677\hotspot\src\share\vm\prims\jvm.cpp, line 1312]

Events (10 events):
Event: 2.779 loading class java/sql/SQLWarning
Event: 2.779 loading class java/sql/SQLWarning done
Event: 2.779 loading class java/lang/Throwable$WrappedPrintStream
Event: 2.779 loading class java/lang/Throwable$PrintStreamOrWriter
Event: 2.779 loading class java/lang/Throwable$PrintStreamOrWriter done
Event: 2.779 loading class java/lang/Throwable$WrappedPrintStream done
Event: 2.779 loading class java/util/IdentityHashMap
Event: 2.779 loading class java/util/IdentityHashMap done
Event: 2.779 loading class java/util/IdentityHashMap$KeySet
Event: 2.780 loading class java/util/IdentityHashMap$KeySet done


Dynamic libraries:
0x00007ff69b280000 - 0x00007ff69b2b4000 	C:\Program Files\Java\jre1.8.0_25\bin\javaw.exe
0x00007ffc67d20000 - 0x00007ffc67ec6000 	C:\Windows\SYSTEM32\ntdll.dll
0x00007ffc67b80000 - 0x00007ffc67cba000 	C:\Windows\system32\KERNEL32.DLL
0x00007ffc654a0000 - 0x00007ffc655af000 	C:\Windows\system32\KERNELBASE.dll
0x00007ffc63ce0000 - 0x00007ffc63d68000 	C:\Windows\system32\apphelp.dll
0x00007ffc4a630000 - 0x00007ffc4a67f000 	C:\Windows\AppPatch\AppPatch64\AcGenral.DLL
0x00007ffc656a0000 - 0x00007ffc65747000 	C:\Windows\system32\msvcrt.dll
0x00007ffc64ee0000 - 0x00007ffc64f0b000 	C:\Windows\SYSTEM32\SspiCli.dll
0x00007ffc65d20000 - 0x00007ffc65d71000 	C:\Windows\system32\SHLWAPI.dll
0x00007ffc65ba0000 - 0x00007ffc65d11000 	C:\Windows\system32\USER32.dll
0x00007ffc65a20000 - 0x00007ffc65b98000 	C:\Windows\system32\ole32.dll
0x00007ffc660b0000 - 0x00007ffc674bf000 	C:\Windows\system32\SHELL32.dll
0x00007ffc646b0000 - 0x00007ffc646ce000 	C:\Windows\SYSTEM32\USERENV.dll
0x00007ffc657c0000 - 0x00007ffc65865000 	C:\Windows\system32\ADVAPI32.dll
0x00007ffc5d290000 - 0x00007ffc5d2ab000 	C:\Windows\SYSTEM32\MPR.dll
0x00007ffc67a40000 - 0x00007ffc67b77000 	C:\Windows\system32\RPCRT4.dll
0x00007ffc67800000 - 0x00007ffc67857000 	C:\Windows\SYSTEM32\sechost.dll
0x00007ffc65e60000 - 0x00007ffc66036000 	C:\Windows\SYSTEM32\combase.dll
0x00007ffc674d0000 - 0x00007ffc67614000 	C:\Windows\system32\GDI32.dll
0x00007ffc650a0000 - 0x00007ffc650b4000 	C:\Windows\SYSTEM32\profapi.dll
0x00007ffc636e0000 - 0x00007ffc6377f000 	C:\Windows\SYSTEM32\SHCORE.dll
0x00007ffc655b0000 - 0x00007ffc655e4000 	C:\Windows\system32\IMM32.DLL
0x00007ffc676c0000 - 0x00007ffc677f9000 	C:\Windows\system32\MSCTF.dll
0x00007ffc61ab0000 - 0x00007ffc61d0a000 	C:\Windows\WinSxS\amd64_microsoft.windows.common-controls_6595b64144ccf1df_6.0.9600.17031_none_6242a4b3ecbb55a1\COMCTL32.dll
0x0000000073be0000 - 0x0000000073cb2000 	C:\Program Files\Java\jre1.8.0_25\bin\msvcr100.dll
0x0000000073ea0000 - 0x00000000746fa000 	C:\Program Files\Java\jre1.8.0_25\bin\server\jvm.dll
0x00007ffc603d0000 - 0x00007ffc603d9000 	C:\Windows\SYSTEM32\WSOCK32.dll
0x00007ffc60080000 - 0x00007ffc6009f000 	C:\Windows\SYSTEM32\WINMM.dll
0x00007ffc65a10000 - 0x00007ffc65a17000 	C:\Windows\system32\PSAPI.DLL
0x00007ffc65760000 - 0x00007ffc657b8000 	C:\Windows\system32\WS2_32.dll
0x00007ffc60050000 - 0x00007ffc6007a000 	C:\Windows\SYSTEM32\WINMMBASE.dll
0x00007ffc65750000 - 0x00007ffc65759000 	C:\Windows\system32\NSI.dll
0x00007ffc653a0000 - 0x00007ffc653ea000 	C:\Windows\SYSTEM32\cfgmgr32.dll
0x00007ffc63f30000 - 0x00007ffc63f56000 	C:\Windows\SYSTEM32\DEVOBJ.dll
0x0000000073e90000 - 0x0000000073e9f000 	C:\Program Files\Java\jre1.8.0_25\bin\verify.dll
0x0000000073e60000 - 0x0000000073e88000 	C:\Program Files\Java\jre1.8.0_25\bin\java.dll
0x0000000073e40000 - 0x0000000073e56000 	C:\Program Files\Java\jre1.8.0_25\bin\zip.dll
0x000000006a600000 - 0x000000006a6b5000 	C:\Users\Aleix\AppData\Local\Temp\sqlite-3.8.51-amd64-sqlitejdbc.dll
0x00007ffc603e0000 - 0x00007ffc60568000 	C:\Windows\SYSTEM32\dbghelp.dll

VM Arguments:
jvm_args: -Dfile.encoding=Cp1252 
java_command: Ejer4
java_class_path (initial): C:\Users\Aleix\git\accesoDatos\Ejercicio4\bin;C:\Users\Aleix\git\accesoDatos\Ejercicio4\mysql-connector-java-5.1.33-bin.jar;C:\Users\Aleix\git\accesoDatos\Ejercicio4\sqlite-jdbc-3.8.5-pre1.jar
Launcher Type: SUN_STANDARD

Environment Variables:
PATH=C:/Program Files/Java/jre1.8.0_25/bin/server;C:/Program Files/Java/jre1.8.0_25/bin;C:/Program Files/Java/jre1.8.0_25/lib/amd64;C:\Program Files (x86)\NVIDIA Corporation\PhysX\Common;C:\ProgramData\Oracle\Java\javapath;C:\Windows\system32;C:\Windows;C:\Windows\System32\Wbem;C:\Windows\System32\WindowsPowerShell\v1.0\;C:\Program Files (x86)\ATI Technologies\ATI.ACE\Core-Static;C:\Program Files (x86)\MySQL\MySQL Utilities 1.4\;C:\Program Files (x86)\MySQL\MySQL Utilities 1.4\Doctrine extensions for PHP\;C:\eclipse;
USERNAME=Aleix
OS=Windows_NT
PROCESSOR_IDENTIFIER=AMD64 Family 22 Model 48 Stepping 1, AuthenticAMD



---------------  S Y S T E M  ---------------

OS: Windows 8.1 , 64 bit Build 9600 

CPU:total 4 (4 cores per cpu, 1 threads per core) family 22 model 48 stepping 1, cmov, cx8, fxsr, mmx, sse, sse2, sse3, ssse3, sse4.1, sse4.2, popcnt, avx, aes, clmul, mmxext, 3dnowpref, lzcnt, sse4a, tsc, tscinvbit, tscinv, bmi1

Memory: 4k page, physical 3604164k(1027612k free), swap 5428780k(732612k free)

vm_info: Java HotSpot(TM) 64-Bit Server VM (25.25-b02) for windows-amd64 JRE (1.8.0_25-b18), built on Oct  7 2014 14:25:37 by "java_re" with MS VC++ 10.0 (VS2010)

time: Thu Oct 23 12:38:51 2014
elapsed time: 2 seconds (0d 0h 0m 2s)

