#
# A fatal error has been detected by the Java Runtime Environment:
#
#  EXCEPTION_ACCESS_VIOLATION (0xc0000005) at pc=0x0000000073fd4cc4, pid=6980, tid=800
#
# JRE version: Java(TM) SE Runtime Environment (8.0_25-b18) (build 1.8.0_25-b18)
# Java VM: Java HotSpot(TM) 64-Bit Server VM (25.25-b02 mixed mode windows-amd64 compressed oops)
# Problematic frame:
# V  [jvm.dll+0x134cc4]
#
# Failed to write core dump. Minidumps are not enabled by default on client versions of Windows
#
# If you would like to submit a bug report, please visit:
#   http://bugreport.sun.com/bugreport/crash.jsp
#

---------------  T H R E A D  ---------------

Current thread (0x0000000002400800):  JavaThread "main" [_thread_in_vm, id=800, stack(0x0000000002220000,0x0000000002320000)]

siginfo: ExceptionCode=0xc0000005, reading address 0x0000000000000000

Registers:
RAX=0x0000000000000000, RBX=0x0000000002400800, RCX=0x0000000000000080, RDX=0x0000000000000000
RSP=0x000000000231ee60, RBP=0x000000000231efe0, RSI=0x0000000000000000, RDI=0x0000000000000000
R8 =0x0000000000000000, R9 =0x00000000eddf77c8, R10=0x0000000000000002, R11=0x0000000074675300
R12=0x0000000000000000, R13=0x0000000000000000, R14=0x000000000231efe0, R15=0x0000000002400800
RIP=0x0000000073fd4cc4, EFLAGS=0x0000000000010202

Top of Stack: (sp=0x000000000231ee60)
0x000000000231ee60:   0000ee96a01ee781 0000000002400800
0x000000000231ee70:   00000000140f0138 000000000231efc0
0x000000000231ee80:   0000000002400800 0000000000000000
0x000000000231ee90:   000000000231efa0 0000000015f227c0
0x000000000231eea0:   0000000014121600 0000000000959348
0x000000000231eeb0:   00000000024009e8 000000006a6020f0
0x000000000231eec0:   000000000231efe0 0000000000000000
0x000000000231eed0:   000000000231ef10 0000000000000000
0x000000000231eee0:   0000000000000000 0000000073f49640
0x000000000231eef0:   0000000100060028 0000000014121b68
0x000000000231ef00:   0000000050200021 0000000014121608
0x000000000231ef10:   0000000050200021 0000000002507470
0x000000000231ef20:   000000000231efb8 0000000002516037
0x000000000231ef30:   0000000000000000 0000000002516563
0x000000000231ef40:   000000000231ef80 0000000014131260
0x000000000231ef50:   0000000000000000 0000000014117338 

Instructions: (pc=0x0000000073fd4cc4)
0x0000000073fd4ca4:   89 5c 24 20 48 89 74 24 28 48 39 73 08 74 0a 48
0x0000000073fd4cb4:   8d 4c 24 20 e8 43 04 13 00 40 38 35 84 f6 69 00
0x0000000073fd4cc4:   48 8b 3f 48 63 05 ea 72 68 00 74 1b 8b 0c 38 85
0x0000000073fd4cd4:   c9 74 77 8b c1 8b 0d 59 78 63 00 48 d3 e0 48 03 


Register to memory mapping:

RAX=0x0000000000000000 is an unknown value
RBX=0x0000000002400800 is a thread
RCX=0x0000000000000080 is an unknown value
RDX=0x0000000000000000 is an unknown value
RSP=0x000000000231ee60 is pointing into the stack for thread: 0x0000000002400800
RBP=0x000000000231efe0 is pointing into the stack for thread: 0x0000000002400800
RSI=0x0000000000000000 is an unknown value
RDI=0x0000000000000000 is an unknown value
R8 =0x0000000000000000 is an unknown value
R9 =0x00000000eddf77c8 is an oop
org.sqlite.core.NativeDB 
 - klass: 'org/sqlite/core/NativeDB'
R10=0x0000000000000002 is an unknown value
R11=0x0000000074675300 is an unknown value
R12=0x0000000000000000 is an unknown value
R13=0x0000000000000000 is an unknown value
R14=0x000000000231efe0 is pointing into the stack for thread: 0x0000000002400800
R15=0x0000000002400800 is a thread


Stack: [0x0000000002220000,0x0000000002320000],  sp=0x000000000231ee60,  free space=1019k
Native frames: (J=compiled Java code, j=interpreted, Vv=VM code, C=native code)
V  [jvm.dll+0x134cc4]
C  [sqlite-3.8.51-amd64-sqlitejdbc.dll+0x20f0]
C  0x0000000002516037

Java frames: (J=compiled Java code, j=interpreted, Vv=VM code)
j  org.sqlite.core.NativeDB._exec(Ljava/lang/String;)I+0
j  org.sqlite.jdbc3.JDBC3Statement.executeUpdate(Ljava/lang/String;)I+46
j  Ejer4.cargadatos2()V+15
j  Ejer4.main([Ljava/lang/String;)V+179
v  ~StubRoutines::call_stub

---------------  P R O C E S S  ---------------

Java Threads: ( => current thread )
  0x000000001604d800 JavaThread "Abandoned connection cleanup thread" daemon [_thread_blocked, id=6480, stack(0x0000000016520000,0x0000000016620000)]
  0x0000000015f56000 JavaThread "Service Thread" daemon [_thread_blocked, id=2816, stack(0x0000000016320000,0x0000000016420000)]
  0x00000000146cb800 JavaThread "C1 CompilerThread2" daemon [_thread_blocked, id=6300, stack(0x0000000015e20000,0x0000000015f20000)]
  0x0000000014696000 JavaThread "C2 CompilerThread1" daemon [_thread_blocked, id=2004, stack(0x0000000015d20000,0x0000000015e20000)]
  0x000000001468a800 JavaThread "C2 CompilerThread0" daemon [_thread_blocked, id=3368, stack(0x0000000015c20000,0x0000000015d20000)]
  0x0000000014694800 JavaThread "Attach Listener" daemon [_thread_blocked, id=7036, stack(0x0000000015b20000,0x0000000015c20000)]
  0x0000000014693800 JavaThread "Signal Dispatcher" daemon [_thread_blocked, id=2972, stack(0x0000000015a20000,0x0000000015b20000)]
  0x00000000024f2800 JavaThread "Finalizer" daemon [_thread_blocked, id=5148, stack(0x0000000015920000,0x0000000015a20000)]
  0x0000000014657800 JavaThread "Reference Handler" daemon [_thread_blocked, id=5892, stack(0x0000000015820000,0x0000000015920000)]
=>0x0000000002400800 JavaThread "main" [_thread_in_vm, id=800, stack(0x0000000002220000,0x0000000002320000)]

Other Threads:
  0x0000000014657000 VMThread [stack: 0x0000000015720000,0x0000000015820000] [id=6624]
  0x0000000015f58000 WatcherThread [stack: 0x0000000016420000,0x0000000016520000] [id=5836]

VM state:not at safepoint (normal execution)

VM Mutex/Monitor currently owned by a thread: None

Heap:
 PSYoungGen      total 16896K, used 3577K [0x00000000edb00000, 0x00000000eed80000, 0x0000000100000000)
  eden space 14848K, 24% used [0x00000000edb00000,0x00000000ede7e4f0,0x00000000ee980000)
  from space 2048K, 0% used [0x00000000eeb80000,0x00000000eeb80000,0x00000000eed80000)
  to   space 2048K, 0% used [0x00000000ee980000,0x00000000ee980000,0x00000000eeb80000)
 ParOldGen       total 38400K, used 0K [0x00000000c9000000, 0x00000000cb580000, 0x00000000edb00000)
  object space 38400K, 0% used [0x00000000c9000000,0x00000000c9000000,0x00000000cb580000)
 Metaspace       used 4694K, capacity 5132K, committed 5248K, reserved 1056768K
  class space    used 524K, capacity 564K, committed 640K, reserved 1048576K

Card table byte_map: [0x00000000118c0000,0x0000000011a80000] byte_map_base: 0x0000000011278000

Marking Bits: (ParMarkBitMap*) 0x000000007467d490
 Begin Bits: [0x0000000011fb0000, 0x0000000012d70000)
 End Bits:   [0x0000000012d70000, 0x0000000013b30000)

Polling page: 0x00000000009f0000

CodeCache: size=245760Kb used=1476Kb max_used=1477Kb free=244283Kb
 bounds [0x0000000002500000, 0x0000000002770000, 0x0000000011500000]
 total_blobs=482 nmethods=187 adapters=210
 compilation: enabled

Compilation events (10 events):
Event: 2.359 Thread 0x00000000146cb800  183       1       sun.misc.URLClassPath$Loader::getBaseURL (5 bytes)
Event: 2.359 Thread 0x00000000146cb800 nmethod 183 0x000000000265d090 code [0x000000000265d1e0, 0x000000000265d2f0]
Event: 2.370 Thread 0x00000000146cb800  184       1       sun.util.calendar.CalendarDate::getDayOfMonth (5 bytes)
Event: 2.370 Thread 0x00000000146cb800 nmethod 184 0x000000000266f6d0 code [0x000000000266f820, 0x000000000266f930]
Event: 2.370 Thread 0x00000000146cb800  185       3       java.io.WinNTFileSystem::isLetter (30 bytes)
Event: 2.370 Thread 0x00000000146cb800 nmethod 185 0x000000000266f290 code [0x000000000266f400, 0x000000000266f670]
Event: 2.370 Thread 0x00000000146cb800  186       3       sun.util.calendar.Gregorian$Date::getNormalizedYear (5 bytes)
Event: 2.371 Thread 0x00000000146cb800 nmethod 186 0x0000000002672bd0 code [0x0000000002672d20, 0x0000000002672f10]
Event: 2.372 Thread 0x00000000146cb800  187       3       sun.nio.cs.SingleByte$Encoder::encode (32 bytes)
Event: 2.373 Thread 0x00000000146cb800 nmethod 187 0x0000000002672710 code [0x0000000002672880, 0x0000000002672a90]

GC Heap History (0 events):
No events

Deoptimization events (2 events):
Event: 2.304 Thread 0x0000000002400800 Uncommon trap: reason=unloaded action=reinterpret pc=0x000000000265f364 method=org.sqlite.SQLiteJDBCLoader.md5sum(Ljava/io/InputStream;)Ljava/lang/String; @ 35
Event: 2.304 Thread 0x0000000002400800 Uncommon trap: reason=unreached action=reinterpret pc=0x000000000265abb0 method=sun.security.provider.DigestBase.engineUpdate(B)V @ 4

Internal exceptions (10 events):
Event: 2.356 Thread 0x0000000002400800 Exception <a 'java/security/PrivilegedActionException'> (0x00000000eddf26c8) thrown at [D:\re\workspace\8-2-build-windows-amd64-cygwin\jdk8u25\1677\hotspot\src\share\vm\prims\jvm.cpp, line 1312]
Event: 2.356 Thread 0x0000000002400800 Exception <a 'java/security/PrivilegedActionException'> (0x00000000eddf53a8) thrown at [D:\re\workspace\8-2-build-windows-amd64-cygwin\jdk8u25\1677\hotspot\src\share\vm\prims\jvm.cpp, line 1312]
Event: 2.358 Thread 0x0000000002400800 Exception <a 'java/security/PrivilegedActionException'> (0x00000000eddf8868) thrown at [D:\re\workspace\8-2-build-windows-amd64-cygwin\jdk8u25\1677\hotspot\src\share\vm\prims\jvm.cpp, line 1312]
Event: 2.359 Thread 0x0000000002400800 Exception <a 'java/security/PrivilegedActionException'> (0x00000000eddfbed8) thrown at [D:\re\workspace\8-2-build-windows-amd64-cygwin\jdk8u25\1677\hotspot\src\share\vm\prims\jvm.cpp, line 1312]
Event: 2.360 Thread 0x0000000002400800 Exception <a 'java/security/PrivilegedActionException'> (0x00000000ede056e0) thrown at [D:\re\workspace\8-2-build-windows-amd64-cygwin\jdk8u25\1677\hotspot\src\share\vm\prims\jvm.cpp, line 1312]
Event: 2.361 Thread 0x0000000002400800 Exception <a 'java/security/PrivilegedActionException'> (0x00000000ede09890) thrown at [D:\re\workspace\8-2-build-windows-amd64-cygwin\jdk8u25\1677\hotspot\src\share\vm\prims\jvm.cpp, line 1312]
Event: 2.361 Thread 0x0000000002400800 Exception <a 'java/security/PrivilegedActionException'> (0x00000000ede0d4b8) thrown at [D:\re\workspace\8-2-build-windows-amd64-cygwin\jdk8u25\1677\hotspot\src\share\vm\prims\jvm.cpp, line 1312]
Event: 2.363 Thread 0x0000000002400800 Exception <a 'java/security/PrivilegedActionException'> (0x00000000ede1e940) thrown at [D:\re\workspace\8-2-build-windows-amd64-cygwin\jdk8u25\1677\hotspot\src\share\vm\prims\jvm.cpp, line 1312]
Event: 2.369 Thread 0x0000000002400800 Exception <a 'java/security/PrivilegedActionException'> (0x00000000ede330f0) thrown at [D:\re\workspace\8-2-build-windows-amd64-cygwin\jdk8u25\1677\hotspot\src\share\vm\prims\jvm.cpp, line 1312]
Event: 2.370 Thread 0x0000000002400800 Exception <a 'java/security/PrivilegedActionException'> (0x00000000ede364f8) thrown at [D:\re\workspace\8-2-build-windows-amd64-cygwin\jdk8u25\1677\hotspot\src\share\vm\prims\jvm.cpp, line 1312]

Events (10 events):
Event: 2.371 loading class java/sql/SQLWarning
Event: 2.371 loading class java/sql/SQLWarning done
Event: 2.371 loading class java/lang/Throwable$WrappedPrintStream
Event: 2.371 loading class java/lang/Throwable$PrintStreamOrWriter
Event: 2.371 loading class java/lang/Throwable$PrintStreamOrWriter done
Event: 2.371 loading class java/lang/Throwable$WrappedPrintStream done
Event: 2.371 loading class java/util/IdentityHashMap
Event: 2.371 loading class java/util/IdentityHashMap done
Event: 2.372 loading class java/util/IdentityHashMap$KeySet
Event: 2.372 loading class java/util/IdentityHashMap$KeySet done


Dynamic libraries:
0x00007ff69b280000 - 0x00007ff69b2b4000 	C:\Program Files\Java\jre1.8.0_25\bin\javaw.exe
0x00007ffc67d20000 - 0x00007ffc67ec6000 	C:\Windows\SYSTEM32\ntdll.dll
0x00007ffc67b80000 - 0x00007ffc67cba000 	C:\Windows\system32\KERNEL32.DLL
0x00007ffc654a0000 - 0x00007ffc655af000 	C:\Windows\system32\KERNELBASE.dll
0x00007ffc63ce0000 - 0x00007ffc63d68000 	C:\Windows\system32\apphelp.dll
0x00007ffc4a630000 - 0x00007ffc4a67f000 	C:\Windows\AppPatch\AppPatch64\AcGenral.DLL
0x00007ffc656a0000 - 0x00007ffc65747000 	C:\Windows\system32\msvcrt.dll
0x00007ffc64ee0000 - 0x00007ffc64f0b000 	C:\Windows\SYSTEM32\SspiCli.dll
0x00007ffc65d20000 - 0x00007ffc65d71000 	C:\Windows\system32\SHLWAPI.dll
0x00007ffc65ba0000 - 0x00007ffc65d11000 	C:\Windows\system32\USER32.dll
0x00007ffc65a20000 - 0x00007ffc65b98000 	C:\Windows\system32\ole32.dll
0x00007ffc660b0000 - 0x00007ffc674bf000 	C:\Windows\system32\SHELL32.dll
0x00007ffc646b0000 - 0x00007ffc646ce000 	C:\Windows\SYSTEM32\USERENV.dll
0x00007ffc657c0000 - 0x00007ffc65865000 	C:\Windows\system32\ADVAPI32.dll
0x00007ffc5d290000 - 0x00007ffc5d2ab000 	C:\Windows\SYSTEM32\MPR.dll
0x00007ffc67a40000 - 0x00007ffc67b77000 	C:\Windows\system32\RPCRT4.dll
0x00007ffc67800000 - 0x00007ffc67857000 	C:\Windows\SYSTEM32\sechost.dll
0x00007ffc65e60000 - 0x00007ffc66036000 	C:\Windows\SYSTEM32\combase.dll
0x00007ffc674d0000 - 0x00007ffc67614000 	C:\Windows\system32\GDI32.dll
0x00007ffc650a0000 - 0x00007ffc650b4000 	C:\Windows\SYSTEM32\profapi.dll
0x00007ffc636e0000 - 0x00007ffc6377f000 	C:\Windows\SYSTEM32\SHCORE.dll
0x00007ffc655b0000 - 0x00007ffc655e4000 	C:\Windows\system32\IMM32.DLL
0x00007ffc676c0000 - 0x00007ffc677f9000 	C:\Windows\system32\MSCTF.dll
0x00007ffc61ab0000 - 0x00007ffc61d0a000 	C:\Windows\WinSxS\amd64_microsoft.windows.common-controls_6595b64144ccf1df_6.0.9600.17031_none_6242a4b3ecbb55a1\COMCTL32.dll
0x0000000073be0000 - 0x0000000073cb2000 	C:\Program Files\Java\jre1.8.0_25\bin\msvcr100.dll
0x0000000073ea0000 - 0x00000000746fa000 	C:\Program Files\Java\jre1.8.0_25\bin\server\jvm.dll
0x00007ffc603d0000 - 0x00007ffc603d9000 	C:\Windows\SYSTEM32\WSOCK32.dll
0x00007ffc60080000 - 0x00007ffc6009f000 	C:\Windows\SYSTEM32\WINMM.dll
0x00007ffc65a10000 - 0x00007ffc65a17000 	C:\Windows\system32\PSAPI.DLL
0x00007ffc65760000 - 0x00007ffc657b8000 	C:\Windows\system32\WS2_32.dll
0x00007ffc60050000 - 0x00007ffc6007a000 	C:\Windows\SYSTEM32\WINMMBASE.dll
0x00007ffc65750000 - 0x00007ffc65759000 	C:\Windows\system32\NSI.dll
0x00007ffc653a0000 - 0x00007ffc653ea000 	C:\Windows\SYSTEM32\cfgmgr32.dll
0x00007ffc63f30000 - 0x00007ffc63f56000 	C:\Windows\SYSTEM32\DEVOBJ.dll
0x0000000073e90000 - 0x0000000073e9f000 	C:\Program Files\Java\jre1.8.0_25\bin\verify.dll
0x0000000073e60000 - 0x0000000073e88000 	C:\Program Files\Java\jre1.8.0_25\bin\java.dll
0x0000000073e40000 - 0x0000000073e56000 	C:\Program Files\Java\jre1.8.0_25\bin\zip.dll
0x000000006a600000 - 0x000000006a6b5000 	C:\Users\Aleix\AppData\Local\Temp\sqlite-3.8.51-amd64-sqlitejdbc.dll
0x00007ffc603e0000 - 0x00007ffc60568000 	C:\Windows\SYSTEM32\dbghelp.dll

VM Arguments:
jvm_args: -Dfile.encoding=Cp1252 
java_command: Ejer4
java_class_path (initial): C:\Users\Aleix\git\accesoDatos\Ejercicio4\bin;C:\Users\Aleix\git\accesoDatos\Ejercicio4\mysql-connector-java-5.1.33-bin.jar;C:\Users\Aleix\git\accesoDatos\Ejercicio4\sqlite-jdbc-3.8.5-pre1.jar
Launcher Type: SUN_STANDARD

Environment Variables:
PATH=C:/Program Files/Java/jre1.8.0_25/bin/server;C:/Program Files/Java/jre1.8.0_25/bin;C:/Program Files/Java/jre1.8.0_25/lib/amd64;C:\Program Files (x86)\NVIDIA Corporation\PhysX\Common;C:\ProgramData\Oracle\Java\javapath;C:\Windows\system32;C:\Windows;C:\Windows\System32\Wbem;C:\Windows\System32\WindowsPowerShell\v1.0\;C:\Program Files (x86)\ATI Technologies\ATI.ACE\Core-Static;C:\Program Files (x86)\MySQL\MySQL Utilities 1.4\;C:\Program Files (x86)\MySQL\MySQL Utilities 1.4\Doctrine extensions for PHP\;C:\eclipse;
USERNAME=Aleix
OS=Windows_NT
PROCESSOR_IDENTIFIER=AMD64 Family 22 Model 48 Stepping 1, AuthenticAMD



---------------  S Y S T E M  ---------------

OS: Windows 8.1 , 64 bit Build 9600 

CPU:total 4 (4 cores per cpu, 1 threads per core) family 22 model 48 stepping 1, cmov, cx8, fxsr, mmx, sse, sse2, sse3, ssse3, sse4.1, sse4.2, popcnt, avx, aes, clmul, mmxext, 3dnowpref, lzcnt, sse4a, tsc, tscinvbit, tscinv, bmi1

Memory: 4k page, physical 3604164k(1017440k free), swap 5428780k(657404k free)

vm_info: Java HotSpot(TM) 64-Bit Server VM (25.25-b02) for windows-amd64 JRE (1.8.0_25-b18), built on Oct  7 2014 14:25:37 by "java_re" with MS VC++ 10.0 (VS2010)

time: Thu Oct 23 12:16:40 2014
elapsed time: 2 seconds (0d 0h 0m 2s)

